<?xml version="1.0" encoding="UTF-8"?>
<!-- Generated by org.testng.reporters.JUnitXMLReporter -->
<testsuite ignored="1" hostname="Nagarajs-Air.bbrouter" failures="0" tests="1" name="Default test(failed)" time="157.958" errors="0" timestamp="2022-09-06T00:08:42 IST">
  <testcase classname="webAutomation.webAutomation.Row" name="print" time="157.68"/>
  <testcase classname="webAutomation.webAutomation.Row" name="FindValueinTable" time="0.0">
    <ignored/>
  </testcase> <!-- FindValueinTable -->
</testsuite> <!-- Default test(failed) -->
